Determining if the pthread_create exist failed with the following output:
Change Dir: /home/mahendra/workspace/project1/build/CMakeFiles/CMakeTmp

Run Build Command:"/usr/bin/make" "cmTC_84459/fast"
/usr/bin/make -f CMakeFiles/cmTC_84459.dir/build.make CMakeFiles/cmTC_84459.dir/build
make[1]: Entering directory '/home/mahendra/workspace/project1/build/CMakeFiles/CMakeTmp'
Building C object CMakeFiles/cmTC_84459.dir/CheckSymbolExists.c.o
/usr/bin/cc     -o CMakeFiles/cmTC_84459.dir/CheckSymbolExists.c.o   -c /home/mahendra/workspace/project1/build/CMakeFiles/CMakeTmp/CheckSymbolExists.c
Linking C executable cmTC_84459
/usr/bin/cmake -E cmake_link_script CMakeFiles/cmTC_84459.dir/link.txt --verbose=1
/usr/bin/cc       CMakeFiles/cmTC_84459.dir/CheckSymbolExists.c.o  -o cmTC_84459 -rdynamic 
CMakeFiles/cmTC_84459.dir/CheckSymbolExists.c.o: In function `main':
CheckSymbolExists.c:(.text+0x16): undefined reference to `pthread_create'
collect2: error: ld returned 1 exit status
CMakeFiles/cmTC_84459.dir/build.make:97: recipe for target 'cmTC_84459' failed
make[1]: *** [cmTC_84459] Error 1
make[1]: Leaving directory '/home/mahendra/workspace/project1/build/CMakeFiles/CMakeTmp'
Makefile:126: recipe for target 'cmTC_84459/fast' failed
make: *** [cmTC_84459/fast] Error 2

File /home/mahendra/workspace/project1/build/CMakeFiles/CMakeTmp/CheckSymbolExists.c:
/* */
#include <pthread.h>

int main(int argc, char** argv)
{
  (void)argv;
#ifndef pthread_create
  return ((int*)(&pthread_create))[argc];
#else
  (void)argc;
  return 0;
#endif
}

Determining if the function pthread_create exists in the pthreads failed with the following output:
Change Dir: /home/mahendra/workspace/project1/build/CMakeFiles/CMakeTmp

Run Build Command:"/usr/bin/make" "cmTC_76970/fast"
/usr/bin/make -f CMakeFiles/cmTC_76970.dir/build.make CMakeFiles/cmTC_76970.dir/build
make[1]: Entering directory '/home/mahendra/workspace/project1/build/CMakeFiles/CMakeTmp'
Building C object CMakeFiles/cmTC_76970.dir/CheckFunctionExists.c.o
/usr/bin/cc    -DCHECK_FUNCTION_EXISTS=pthread_create   -o CMakeFiles/cmTC_76970.dir/CheckFunctionExists.c.o   -c /usr/share/cmake-3.5/Modules/CheckFunctionExists.c
Linking C executable cmTC_76970
/usr/bin/cmake -E cmake_link_script CMakeFiles/cmTC_76970.dir/link.txt --verbose=1
/usr/bin/cc   -DCHECK_FUNCTION_EXISTS=pthread_create    CMakeFiles/cmTC_76970.dir/CheckFunctionExists.c.o  -o cmTC_76970 -rdynamic -lpthreads 
/usr/bin/ld: cannot find -lpthreads
collect2: error: ld returned 1 exit status
CMakeFiles/cmTC_76970.dir/build.make:97: recipe for target 'cmTC_76970' failed
make[1]: *** [cmTC_76970] Error 1
make[1]: Leaving directory '/home/mahendra/workspace/project1/build/CMakeFiles/CMakeTmp'
Makefile:126: recipe for target 'cmTC_76970/fast' failed
make: *** [cmTC_76970/fast] Error 2


